c:\users\kingo\riderprojects\rideropengl\rideropengl\x64\release\vc143.pdb
c:\users\kingo\riderprojects\rideropengl\rideropengl\x64\release\window.obj
c:\users\kingo\riderprojects\rideropengl\rideropengl\x64\release\loader.obj
c:\users\kingo\riderprojects\rideropengl\rideropengl\x64\release\game.obj
c:\users\kingo\riderprojects\rideropengl\rideropengl\x64\release\main.obj
c:\users\kingo\riderprojects\rideropengl\rideropengl\x64\release\renderer.obj
c:\users\kingo\riderprojects\rideropengl\rideropengl\x64\release\modell.obj
c:\users\kingo\riderprojects\rideropengl\rideropengl\x64\release\model.obj
c:\users\kingo\riderprojects\rideropengl\rideropengl\x64\release\entity.obj
c:\users\kingo\riderprojects\rideropengl\rideropengl\x64\release\camera.obj
c:\users\kingo\riderprojects\rideropengl\rideropengl\x64\release\texture.obj
c:\users\kingo\riderprojects\rideropengl\rideropengl\x64\release\timing.obj
c:\users\kingo\riderprojects\rideropengl\rideropengl\x64\release\input.obj
c:\users\kingo\riderprojects\rideropengl\rideropengl\x64\release\gameobject.obj
c:\users\kingo\riderprojects\rideropengl\rideropengl\x64\release\shadermanager.obj
c:\users\kingo\riderprojects\rideropengl\rideropengl\x64\release\modelloader.obj
c:\users\kingo\riderprojects\rideropengl\x64\release\rideropengl.exe
c:\users\kingo\riderprojects\rideropengl\rideropengl\x64\release\rideropengl.ipdb
c:\users\kingo\riderprojects\rideropengl\x64\release\rideropengl.pdb
c:\users\kingo\riderprojects\rideropengl\rideropengl\x64\release\rideropengl.iobj
c:\users\kingo\riderprojects\rideropengl\rideropengl\x64\release\rideropengl.tlog\cl.command.1.tlog
c:\users\kingo\riderprojects\rideropengl\rideropengl\x64\release\rideropengl.tlog\cl.read.1.tlog
c:\users\kingo\riderprojects\rideropengl\rideropengl\x64\release\rideropengl.tlog\cl.write.1.tlog
c:\users\kingo\riderprojects\rideropengl\rideropengl\x64\release\rideropengl.tlog\link.command.1.tlog
c:\users\kingo\riderprojects\rideropengl\rideropengl\x64\release\rideropengl.tlog\link.read.1.tlog
c:\users\kingo\riderprojects\rideropengl\rideropengl\x64\release\rideropengl.tlog\link.write.1.tlog
